<?xml version="1.0" encoding="UTF-8"?>
<!-- Generated by org.testng.reporters.JUnitXMLReporter -->
<testsuite ignored="0" hostname="Ma7mwD" failures="0" tests="9" name="Default test" time="75.225" errors="0" timestamp="2023-02-23T16:46:57 EET">
  <testcase classname="Tests.RequestStepTest" name="testLogin" time="25.11"/>
  <testcase classname="Tests.RequestStepTest" name="testLogin" time="6.101"/>
  <testcase classname="Tests.RequestStepTest" name="testLogin" time="7.054"/>
  <testcase classname="Tests.RequestStepTest" name="testLogin" time="6.123"/>
  <testcase classname="Tests.RequestStepTest" name="testLogin" time="6.149"/>
  <testcase classname="Tests.RequestStepTest" name="testLogin" time="6.107"/>
  <testcase classname="Tests.RequestStepTest" name="testLogin" time="6.159"/>
  <testcase classname="Tests.RequestStepTest" name="testLogin" time="6.174"/>
  <testcase classname="Tests.RequestStepTest" name="testLogin" time="6.188"/>
</testsuite> <!-- Default test -->
