<?xml version="1.0" encoding="UTF-8"?>
<testng-results ignored="0" total="1" passed="1" failed="0" skipped="0">
  <reporter-output>
  </reporter-output>
  <suite started-at="2023-02-24T22:27:51 EET" name="Default suite" finished-at="2023-02-24T22:29:02 EET" duration-ms="70319">
    <groups>
    </groups>
    <test started-at="2023-02-24T22:27:51 EET" name="Default test" finished-at="2023-02-24T22:29:02 EET" duration-ms="70319">
      <class name="Tests.CancelRequestTest">
        <test-method is-config="true" signature="StartDriver()[pri:0, instance:Tests.CancelRequestTest@5876a9af]" started-at="2023-02-24T22:27:35 EET" name="StartDriver" finished-at="2023-02-24T22:27:51 EET" duration-ms="16570" status="PASS">
          <reporter-output>
          </reporter-output>
        </test-method> <!-- StartDriver -->
        <test-method signature="testCancel()[pri:0, instance:Tests.CancelRequestTest@5876a9af]" started-at="2023-02-24T22:27:51 EET" name="testCancel" finished-at="2023-02-24T22:29:02 EET" duration-ms="70285" status="PASS">
          <reporter-output>
          </reporter-output>
        </test-method> <!-- testCancel -->
        <test-method is-config="true" signature="CloseBrowser()[pri:0, instance:Tests.CancelRequestTest@5876a9af]" started-at="2023-02-24T22:29:02 EET" name="CloseBrowser" finished-at="2023-02-24T22:29:02 EET" duration-ms="112" status="PASS">
          <reporter-output>
          </reporter-output>
        </test-method> <!-- CloseBrowser -->
      </class> <!-- Tests.CancelRequestTest -->
    </test> <!-- Default test -->
  </suite> <!-- Default suite -->
</testng-results>
