<?xml version="1.0" encoding="UTF-8"?>
<testng-results ignored="0" total="9" passed="9" failed="0" skipped="0">
  <reporter-output>
  </reporter-output>
  <suite started-at="2023-02-23T16:45:42 EET" name="Default suite" finished-at="2023-02-23T16:46:57 EET" duration-ms="75225">
    <groups>
    </groups>
    <test started-at="2023-02-23T16:45:42 EET" name="Default test" finished-at="2023-02-23T16:46:57 EET" duration-ms="75225">
      <class name="Tests.RequestStepTest">
        <test-method is-config="true" signature="StartDriver()[pri:0, instance:Tests.RequestStepTest@478190fc]" started-at="2023-02-23T16:45:39 EET" name="StartDriver" finished-at="2023-02-23T16:45:42 EET" duration-ms="2557" status="PASS">
          <reporter-output>
          </reporter-output>
        </test-method> <!-- StartDriver -->
        <test-method signature="testLogin(java.lang.String,java.lang.String)[pri:0, instance:Tests.RequestStepTest@478190fc]" started-at="2023-02-23T16:45:42 EET" name="testLogin" data-provider="users" finished-at="2023-02-23T16:46:07 EET" duration-ms="25110" status="PASS">
          <params>
            <param index="0">
              <value>
                <![CDATA[Mahmoud6]]>
              </value>
            </param>
            <param index="1">
              <value>
                <![CDATA[P@ssw0rd]]>
              </value>
            </param>
          </params>
          <reporter-output>
          </reporter-output>
        </test-method> <!-- testLogin -->
        <test-method signature="testLogin(java.lang.String,java.lang.String)[pri:0, instance:Tests.RequestStepTest@478190fc]" started-at="2023-02-23T16:46:07 EET" name="testLogin" data-provider="users" finished-at="2023-02-23T16:46:13 EET" duration-ms="6101" status="PASS">
          <params>
            <param index="0">
              <value>
                <![CDATA[DH]]>
              </value>
            </param>
            <param index="1">
              <value>
                <![CDATA[P@ssw0rd]]>
              </value>
            </param>
          </params>
          <reporter-output>
          </reporter-output>
        </test-method> <!-- testLogin -->
        <test-method signature="testLogin(java.lang.String,java.lang.String)[pri:0, instance:Tests.RequestStepTest@478190fc]" started-at="2023-02-23T16:46:13 EET" name="testLogin" data-provider="users" finished-at="2023-02-23T16:46:20 EET" duration-ms="7054" status="PASS">
          <params>
            <param index="0">
              <value>
                <![CDATA[EM]]>
              </value>
            </param>
            <param index="1">
              <value>
                <![CDATA[P@ssw0rd]]>
              </value>
            </param>
          </params>
          <reporter-output>
          </reporter-output>
        </test-method> <!-- testLogin -->
        <test-method signature="testLogin(java.lang.String,java.lang.String)[pri:0, instance:Tests.RequestStepTest@478190fc]" started-at="2023-02-23T16:46:20 EET" name="testLogin" data-provider="users" finished-at="2023-02-23T16:46:26 EET" duration-ms="6123" status="PASS">
          <params>
            <param index="0">
              <value>
                <![CDATA[BP]]>
              </value>
            </param>
            <param index="1">
              <value>
                <![CDATA[P@ssw0rd]]>
              </value>
            </param>
          </params>
          <reporter-output>
          </reporter-output>
        </test-method> <!-- testLogin -->
        <test-method signature="testLogin(java.lang.String,java.lang.String)[pri:0, instance:Tests.RequestStepTest@478190fc]" started-at="2023-02-23T16:46:26 EET" name="testLogin" data-provider="users" finished-at="2023-02-23T16:46:32 EET" duration-ms="6149" status="PASS">
          <params>
            <param index="0">
              <value>
                <![CDATA[IC]]>
              </value>
            </param>
            <param index="1">
              <value>
                <![CDATA[P@ssw0rd]]>
              </value>
            </param>
          </params>
          <reporter-output>
          </reporter-output>
        </test-method> <!-- testLogin -->
        <test-method signature="testLogin(java.lang.String,java.lang.String)[pri:0, instance:Tests.RequestStepTest@478190fc]" started-at="2023-02-23T16:46:32 EET" name="testLogin" data-provider="users" finished-at="2023-02-23T16:46:38 EET" duration-ms="6107" status="PASS">
          <params>
            <param index="0">
              <value>
                <![CDATA[ML]]>
              </value>
            </param>
            <param index="1">
              <value>
                <![CDATA[P@ssw0rd]]>
              </value>
            </param>
          </params>
          <reporter-output>
          </reporter-output>
        </test-method> <!-- testLogin -->
        <test-method signature="testLogin(java.lang.String,java.lang.String)[pri:0, instance:Tests.RequestStepTest@478190fc]" started-at="2023-02-23T16:46:38 EET" name="testLogin" data-provider="users" finished-at="2023-02-23T16:46:44 EET" duration-ms="6159" status="PASS">
          <params>
            <param index="0">
              <value>
                <![CDATA[WF]]>
              </value>
            </param>
            <param index="1">
              <value>
                <![CDATA[P@ssw0rd]]>
              </value>
            </param>
          </params>
          <reporter-output>
          </reporter-output>
        </test-method> <!-- testLogin -->
        <test-method signature="testLogin(java.lang.String,java.lang.String)[pri:0, instance:Tests.RequestStepTest@478190fc]" started-at="2023-02-23T16:46:44 EET" name="testLogin" data-provider="users" finished-at="2023-02-23T16:46:51 EET" duration-ms="6174" status="PASS">
          <params>
            <param index="0">
              <value>
                <![CDATA[HR]]>
              </value>
            </param>
            <param index="1">
              <value>
                <![CDATA[P@ssw0rd]]>
              </value>
            </param>
          </params>
          <reporter-output>
          </reporter-output>
        </test-method> <!-- testLogin -->
        <test-method signature="testLogin(java.lang.String,java.lang.String)[pri:0, instance:Tests.RequestStepTest@478190fc]" started-at="2023-02-23T16:46:51 EET" name="testLogin" data-provider="users" finished-at="2023-02-23T16:46:57 EET" duration-ms="6188" status="PASS">
          <params>
            <param index="0">
              <value>
                <![CDATA[Head]]>
              </value>
            </param>
            <param index="1">
              <value>
                <![CDATA[P@ssw0rd]]>
              </value>
            </param>
          </params>
          <reporter-output>
          </reporter-output>
        </test-method> <!-- testLogin -->
        <test-method is-config="true" signature="CloseBrowser()[pri:0, instance:Tests.RequestStepTest@478190fc]" started-at="2023-02-23T16:46:57 EET" name="CloseBrowser" finished-at="2023-02-23T16:46:57 EET" duration-ms="205" status="PASS">
          <reporter-output>
          </reporter-output>
        </test-method> <!-- CloseBrowser -->
      </class> <!-- Tests.RequestStepTest -->
    </test> <!-- Default test -->
  </suite> <!-- Default suite -->
</testng-results>
